android/app/build/intermediates/manifest_merge_blame_file/debug/manifest-merger-blame-debug-report.txt
1<?xml version="1.0" encoding="utf-8"?>
2<manifest xmlns:android="http://schemas.android.com/apk/res/android"
3    package="com.veraisales"
4    android:versionCode="1"
5    android:versionName="1.0" >
6
7    <uses-sdk
8        android:minSdkVersion="21"
9        android:targetSdkVersion="31" />
10
11    <uses-permission android:name="android.permission.SYSTEM_ALERT_WINDOW" />
11-->src\debug\AndroidManifest.xml:5:5-77
11-->src\debug\AndroidManifest.xml:5:22-75
12    <uses-permission android:name="android.permission.INTERNET" />
12-->src\main\AndroidManifest.xml:4:5-67
12-->src\main\AndroidManifest.xml:4:22-64
13    <uses-permission android:name="android.permission.WRITE_EXTERNAL_STORAGE" />
13-->src\main\AndroidManifest.xml:5:5-80
13-->src\main\AndroidManifest.xml:5:22-78
14    <uses-permission android:name="android.permission.READ_EXTERNAL_STORAGE" />
14-->src\main\AndroidManifest.xml:6:5-80
14-->src\main\AndroidManifest.xml:6:22-77
15
16    <queries>
16-->src\main\AndroidManifest.xml:27:6-33:12
17        <intent>
17-->src\main\AndroidManifest.xml:28:6-32:13
18            <action android:name="android.intent.action.VIEW" />
18-->src\main\AndroidManifest.xml:29:6-58
18-->src\main\AndroidManifest.xml:29:14-55
19            <!-- If you don't know the MIME type in advance, set "mimeType" to "*/*". -->
20            <data android:mimeType="application/pdf" />
20-->src\main\AndroidManifest.xml:31:6-49
20-->src\main\AndroidManifest.xml:31:12-46
21        </intent>
22    </queries>
23
24    <uses-permission android:name="android.permission.ACCESS_WIFI_STATE" />
24-->[com.facebook.flipper:flipper:0.125.0] AndroidManifest.xml:16:5-76
24-->[com.facebook.flipper:flipper:0.125.0] AndroidManifest.xml:16:22-73
25
26    <application
26-->src\main\AndroidManifest.xml:7:5-26:19
27        android:name="com.veraisales.MainApplication"
27-->src\main\AndroidManifest.xml:8:7-38
28        android:allowBackup="false"
28-->src\main\AndroidManifest.xml:12:7-34
29        android:appComponentFactory="androidx.core.app.CoreComponentFactory"
29-->[androidx.core:core:1.5.0] AndroidManifest.xml:24:18-86
30        android:debuggable="true"
31        android:icon="@mipmap/ic_launcher"
31-->src\main\AndroidManifest.xml:10:7-41
32        android:label="@string/app_name"
32-->src\main\AndroidManifest.xml:9:7-39
33        android:roundIcon="@mipmap/ic_launcher_round"
33-->src\main\AndroidManifest.xml:11:7-52
34        android:theme="@style/AppTheme"
34-->src\main\AndroidManifest.xml:13:7-38
35        android:usesCleartextTraffic="true" >
35-->src\debug\AndroidManifest.xml:8:9-44
36        <activity
36-->src\debug\AndroidManifest.xml:11:9-111
37            android:name="com.facebook.react.devsupport.DevSettingsActivity"
37-->src\debug\AndroidManifest.xml:11:19-83
38            android:exported="false" />
38-->src\debug\AndroidManifest.xml:11:84-108
39        <activity
39-->src\main\AndroidManifest.xml:14:7-25:18
40            android:name="com.veraisales.MainActivity"
40-->src\main\AndroidManifest.xml:15:9-37
41            android:configChanges="keyboard|keyboardHidden|orientation|screenLayout|screenSize|smallestScreenSize|uiMode"
41-->src\main\AndroidManifest.xml:17:9-118
42            android:exported="true"
42-->src\main\AndroidManifest.xml:20:9-32
43            android:label="@string/app_name"
43-->src\main\AndroidManifest.xml:16:9-41
44            android:launchMode="singleTask"
44-->src\main\AndroidManifest.xml:18:9-40
45            android:windowSoftInputMode="adjustResize" >
45-->src\main\AndroidManifest.xml:19:9-51
46            <intent-filter>
46-->src\main\AndroidManifest.xml:21:9-24:25
47                <action android:name="android.intent.action.MAIN" />
47-->src\main\AndroidManifest.xml:22:13-65
47-->src\main\AndroidManifest.xml:22:21-62
48
49                <category android:name="android.intent.category.LAUNCHER" />
49-->src\main\AndroidManifest.xml:23:13-73
49-->src\main\AndroidManifest.xml:23:23-70
50            </intent-filter>
51        </activity>
52
53        <provider
53-->[:react-native-file-viewer] AndroidManifest.xml:10:9-18:20
54            android:name="com.vinzscam.reactnativefileviewer.FileProvider"
54-->[:react-native-file-viewer] AndroidManifest.xml:11:13-75
55            android:authorities="com.veraisales.provider"
55-->[:react-native-file-viewer] AndroidManifest.xml:12:13-60
56            android:exported="false"
56-->[:react-native-file-viewer] AndroidManifest.xml:13:13-37
57            android:grantUriPermissions="true" >
57-->[:react-native-file-viewer] AndroidManifest.xml:14:13-47
58            <meta-data
58-->[:react-native-file-viewer] AndroidManifest.xml:15:13-17:70
59                android:name="android.support.FILE_PROVIDER_PATHS"
59-->[:react-native-file-viewer] AndroidManifest.xml:16:17-67
60                android:resource="@xml/file_viewer_provider_paths" />
60-->[:react-native-file-viewer] AndroidManifest.xml:17:17-67
61        </provider>
62        <provider
62-->[:react-native-image-picker] AndroidManifest.xml:10:9-18:20
63            android:name="com.imagepicker.ImagePickerProvider"
63-->[:react-native-image-picker] AndroidManifest.xml:11:13-63
64            android:authorities="com.veraisales.imagepickerprovider"
64-->[:react-native-image-picker] AndroidManifest.xml:12:13-71
65            android:exported="false"
65-->[:react-native-image-picker] AndroidManifest.xml:13:13-37
66            android:grantUriPermissions="true" >
66-->[:react-native-image-picker] AndroidManifest.xml:14:13-47
67            <meta-data
67-->[:react-native-file-viewer] AndroidManifest.xml:15:13-17:70
68                android:name="android.support.FILE_PROVIDER_PATHS"
68-->[:react-native-file-viewer] AndroidManifest.xml:16:17-67
69                android:resource="@xml/imagepicker_provider_paths" />
69-->[:react-native-file-viewer] AndroidManifest.xml:17:17-67
70        </provider>
71    </application>
72
73</manifest>